# JRE version: Java(TM) SE Runtime Environment (8.0_181-b13) (build 1.8.0_181-b13)
# Java VM: Java HotSpot(TM) 64-Bit Server VM (25.181-b13 mixed mode windows-amd64 compressed oops)
Heap:
 PSYoungGen      total 37888K, used 27322K [0x00000000d5580000, 0x00000000d9480000, 0x0000000100000000)
  eden space 32768K, 75% used [0x00000000d5580000,0x00000000d6d80948,0x00000000d7580000)
  from space 5120K, 53% used [0x00000000d7580000,0x00000000d782dee0,0x00000000d7a80000)
  to   space 8192K, 0% used [0x00000000d8c80000,0x00000000d8c80000,0x00000000d9480000)
 ParOldGen       total 58880K, used 7030K [0x0000000080000000, 0x0000000083980000, 0x00000000d5580000)
  object space 58880K, 11% used [0x0000000080000000,0x00000000806dd918,0x0000000083980000)
 Metaspace       used 19350K, capacity 19662K, committed 19968K, reserved 1067008K
  class space    used 2184K, capacity 2289K, committed 2304K, reserved 1048576K
GC Heap History (10 events):
Event: 0.609 GC heap before
{Heap before GC invocations=2 (full 0):
 PSYoungGen      total 37888K, used 37766K [0x00000000d5580000, 0x00000000d7f80000, 0x0000000100000000)
  eden space 32768K, 100% used [0x00000000d5580000,0x00000000d7580000,0x00000000d7580000)
  from space 5120K, 97% used [0x00000000d7580000,0x00000000d7a61810,0x00000000d7a80000)
  to   space 5120K, 0% used [0x00000000d7a80000,0x00000000d7a80000,0x00000000d7f80000)
 ParOldGen       total 86016K, used 8K [0x0000000080000000, 0x0000000085400000, 0x00000000d5580000)
  object space 86016K, 0% used [0x0000000080000000,0x0000000080002000,0x0000000085400000)
 Metaspace       used 9918K, capacity 10038K, committed 10240K, reserved 1058816K
  class space    used 1115K, capacity 1169K, committed 1280K, reserved 1048576K
Event: 0.612 GC heap after
Heap after GC invocations=2 (full 0):
 PSYoungGen      total 37888K, used 5088K [0x00000000d5580000, 0x00000000d7f80000, 0x0000000100000000)
  eden space 32768K, 0% used [0x00000000d5580000,0x00000000d5580000,0x00000000d7580000)
  from space 5120K, 99% used [0x00000000d7a80000,0x00000000d7f78328,0x00000000d7f80000)
  to   space 5120K, 0% used [0x00000000d7580000,0x00000000d7580000,0x00000000d7a80000)
 ParOldGen       total 86016K, used 247K [0x0000000080000000, 0x0000000085400000, 0x00000000d5580000)
  object space 86016K, 0% used [0x0000000080000000,0x000000008003ded0,0x0000000085400000)
 Metaspace       used 9918K, capacity 10038K, committed 10240K, reserved 1058816K
  class space    used 1115K, capacity 1169K, committed 1280K, reserved 1048576K
}
Event: 0.739 GC heap before
{Heap before GC invocations=3 (full 0):
 PSYoungGen      total 37888K, used 37856K [0x00000000d5580000, 0x00000000d7f80000, 0x0000000100000000)
  eden space 32768K, 100% used [0x00000000d5580000,0x00000000d7580000,0x00000000d7580000)
  from space 5120K, 99% used [0x00000000d7a80000,0x00000000d7f78328,0x00000000d7f80000)
  to   space 5120K, 0% used [0x00000000d7580000,0x00000000d7580000,0x00000000d7a80000)
 ParOldGen       total 86016K, used 247K [0x0000000080000000, 0x0000000085400000, 0x00000000d5580000)
  object space 86016K, 0% used [0x0000000080000000,0x000000008003ded0,0x0000000085400000)
 Metaspace       used 11248K, capacity 11378K, committed 11520K, reserved 1058816K
  class space    used 1241K, capacity 1272K, committed 1280K, reserved 1048576K
Event: 0.742 GC heap after
Heap after GC invocations=3 (full 0):
 PSYoungGen      total 37888K, used 5115K [0x00000000d5580000, 0x00000000d7f80000, 0x0000000100000000)
  eden space 32768K, 0% used [0x00000000d5580000,0x00000000d5580000,0x00000000d7580000)
  from space 5120K, 99% used [0x00000000d7580000,0x00000000d7a7ec68,0x00000000d7a80000)
  to   space 5120K, 0% used [0x00000000d7a80000,0x00000000d7a80000,0x00000000d7f80000)
 ParOldGen       total 86016K, used 808K [0x0000000080000000, 0x0000000085400000, 0x00000000d5580000)
  object space 86016K, 0% used [0x0000000080000000,0x00000000800ca280,0x0000000085400000)
 Metaspace       used 11248K, capacity 11378K, committed 11520K, reserved 1058816K
  class space    used 1241K, capacity 1272K, committed 1280K, reserved 1048576K
}
Event: 0.924 GC heap before
{Heap before GC invocations=4 (full 0):
 PSYoungGen      total 37888K, used 29269K [0x00000000d5580000, 0x00000000d7f80000, 0x0000000100000000)
  eden space 32768K, 73% used [0x00000000d5580000,0x00000000d6d167c8,0x00000000d7580000)
  from space 5120K, 99% used [0x00000000d7580000,0x00000000d7a7ec68,0x00000000d7a80000)
  to   space 5120K, 0% used [0x00000000d7a80000,0x00000000d7a80000,0x00000000d7f80000)
 ParOldGen       total 86016K, used 808K [0x0000000080000000, 0x0000000085400000, 0x00000000d5580000)
  object space 86016K, 0% used [0x0000000080000000,0x00000000800ca280,0x0000000085400000)
 Metaspace       used 15270K, capacity 15418K, committed 15616K, reserved 1067008K
  class space    used 1626K, capacity 1707K, committed 1792K, reserved 1048576K
Event: 0.928 GC heap after
Heap after GC invocations=4 (full 0):
 PSYoungGen      total 37888K, used 5089K [0x00000000d5580000, 0x00000000d7f80000, 0x0000000100000000)
  eden space 32768K, 0% used [0x00000000d5580000,0x00000000d5580000,0x00000000d7580000)
  from space 5120K, 99% used [0x00000000d7a80000,0x00000000d7f785e8,0x00000000d7f80000)
  to   space 5120K, 0% used [0x00000000d7580000,0x00000000d7580000,0x00000000d7a80000)
 ParOldGen       total 86016K, used 2769K [0x0000000080000000, 0x0000000085400000, 0x00000000d5580000)
  object space 86016K, 3% used [0x0000000080000000,0x00000000802b4580,0x0000000085400000)
 Metaspace       used 15270K, capacity 15418K, committed 15616K, reserved 1067008K
  class space    used 1626K, capacity 1707K, committed 1792K, reserved 1048576K
}
Event: 0.928 GC heap before
{Heap before GC invocations=5 (full 1):
 PSYoungGen      total 37888K, used 5089K [0x00000000d5580000, 0x00000000d7f80000, 0x0000000100000000)
  eden space 32768K, 0% used [0x00000000d5580000,0x00000000d5580000,0x00000000d7580000)
  from space 5120K, 99% used [0x00000000d7a80000,0x00000000d7f785e8,0x00000000d7f80000)
  to   space 5120K, 0% used [0x00000000d7580000,0x00000000d7580000,0x00000000d7a80000)
 ParOldGen       total 86016K, used 2769K [0x0000000080000000, 0x0000000085400000, 0x00000000d5580000)
  object space 86016K, 3% used [0x0000000080000000,0x00000000802b4580,0x0000000085400000)
 Metaspace       used 15270K, capacity 15418K, committed 15616K, reserved 1067008K
  class space    used 1626K, capacity 1707K, committed 1792K, reserved 1048576K
Event: 0.944 GC heap after
Heap after GC invocations=5 (full 1):
 PSYoungGen      total 37888K, used 0K [0x00000000d5580000, 0x00000000d7f80000, 0x0000000100000000)
  eden space 32768K, 0% used [0x00000000d5580000,0x00000000d5580000,0x00000000d7580000)
  from space 5120K, 0% used [0x00000000d7a80000,0x00000000d7a80000,0x00000000d7f80000)
  to   space 5120K, 0% used [0x00000000d7580000,0x00000000d7580000,0x00000000d7a80000)
 ParOldGen       total 58880K, used 6958K [0x0000000080000000, 0x0000000083980000, 0x00000000d5580000)
  object space 58880K, 11% used [0x0000000080000000,0x00000000806cb908,0x0000000083980000)
 Metaspace       used 15270K, capacity 15418K, committed 15616K, reserved 1064960K
  class space    used 1626K, capacity 1707K, committed 1792K, reserved 1048576K
}
Event: 1.140 GC heap before
{Heap before GC invocations=6 (full 1):
 PSYoungGen      total 37888K, used 32768K [0x00000000d5580000, 0x00000000d7f80000, 0x0000000100000000)
  eden space 32768K, 100% used [0x00000000d5580000,0x00000000d7580000,0x00000000d7580000)
  from space 5120K, 0% used [0x00000000d7a80000,0x00000000d7a80000,0x00000000d7f80000)
  to   space 5120K, 0% used [0x00000000d7580000,0x00000000d7580000,0x00000000d7a80000)
 ParOldGen       total 58880K, used 6958K [0x0000000080000000, 0x0000000083980000, 0x00000000d5580000)
  object space 58880K, 11% used [0x0000000080000000,0x00000000806cb908,0x0000000083980000)
 Metaspace       used 18209K, capacity 18506K, committed 18816K, reserved 1067008K
  class space    used 2060K, capacity 2139K, committed 2176K, reserved 1048576K
Event: 1.142 GC heap after
Heap after GC invocations=6 (full 1):
 PSYoungGen      total 37888K, used 2743K [0x00000000d5580000, 0x00000000d9480000, 0x0000000100000000)
  eden space 32768K, 0% used [0x00000000d5580000,0x00000000d5580000,0x00000000d7580000)
  from space 5120K, 53% used [0x00000000d7580000,0x00000000d782dee0,0x00000000d7a80000)
  to   space 8192K, 0% used [0x00000000d8c80000,0x00000000d8c80000,0x00000000d9480000)
 ParOldGen       total 58880K, used 7030K [0x0000000080000000, 0x0000000083980000, 0x00000000d5580000)
  object space 58880K, 11% used [0x0000000080000000,0x00000000806dd918,0x0000000083980000)
 Metaspace       used 18209K, capacity 18506K, committed 18816K, reserved 1067008K
  class space    used 2060K, capacity 2139K, committed 2176K, reserved 1048576K
}

