# JRE version: Java(TM) SE Runtime Environment (8.0_181-b13) (build 1.8.0_181-b13)
# Java VM: Java HotSpot(TM) 64-Bit Server VM (25.181-b13 mixed mode windows-amd64 compressed oops)
Heap:
 PSYoungGen      total 141824K, used 33409K [0x00000000d5580000, 0x00000000e5180000, 0x0000000100000000)
  eden space 131072K, 22% used [0x00000000d5580000,0x00000000d72ec550,0x00000000dd580000)
  from space 10752K, 30% used [0x00000000de000000,0x00000000de334010,0x00000000dea80000)
  to   space 10752K, 0% used [0x00000000dd580000,0x00000000dd580000,0x00000000de000000)
 ParOldGen       total 56320K, used 12919K [0x0000000080000000, 0x0000000083700000, 0x00000000d5580000)
  object space 56320K, 22% used [0x0000000080000000,0x0000000080c9dc10,0x0000000083700000)
 Metaspace       used 24728K, capacity 25194K, committed 25600K, reserved 1071104K
  class space    used 2873K, capacity 3016K, committed 3072K, reserved 1048576K
GC Heap History (10 events):
Event: 1.378 GC heap before
{Heap before GC invocations=5 (full 0):
 PSYoungGen      total 70656K, used 70625K [0x00000000d5580000, 0x00000000d9f80000, 0x0000000100000000)
  eden space 65536K, 100% used [0x00000000d5580000,0x00000000d9580000,0x00000000d9580000)
  from space 5120K, 99% used [0x00000000d9a80000,0x00000000d9f78608,0x00000000d9f80000)
  to   space 5120K, 0% used [0x00000000d9580000,0x00000000d9580000,0x00000000d9a80000)
 ParOldGen       total 86016K, used 3218K [0x0000000080000000, 0x0000000085400000, 0x00000000d5580000)
  object space 86016K, 3% used [0x0000000080000000,0x0000000080324910,0x0000000085400000)
 Metaspace       used 20113K, capacity 20460K, committed 20864K, reserved 1067008K
  class space    used 2261K, capacity 2367K, committed 2432K, reserved 1048576K
Event: 1.385 GC heap after
Heap after GC invocations=5 (full 0):
 PSYoungGen      total 70656K, used 5094K [0x00000000d5580000, 0x00000000dea80000, 0x0000000100000000)
  eden space 65536K, 0% used [0x00000000d5580000,0x00000000d5580000,0x00000000d9580000)
  from space 5120K, 99% used [0x00000000d9580000,0x00000000d9a79b50,0x00000000d9a80000)
  to   space 10752K, 0% used [0x00000000de000000,0x00000000de000000,0x00000000dea80000)
 ParOldGen       total 86016K, used 8715K [0x0000000080000000, 0x0000000085400000, 0x00000000d5580000)
  object space 86016K, 10% used [0x0000000080000000,0x0000000080882d90,0x0000000085400000)
 Metaspace       used 20113K, capacity 20460K, committed 20864K, reserved 1067008K
  class space    used 2261K, capacity 2367K, committed 2432K, reserved 1048576K
}
Event: 1.575 GC heap before
{Heap before GC invocations=6 (full 0):
 PSYoungGen      total 70656K, used 70630K [0x00000000d5580000, 0x00000000dea80000, 0x0000000100000000)
  eden space 65536K, 100% used [0x00000000d5580000,0x00000000d9580000,0x00000000d9580000)
  from space 5120K, 99% used [0x00000000d9580000,0x00000000d9a79b50,0x00000000d9a80000)
  to   space 10752K, 0% used [0x00000000de000000,0x00000000de000000,0x00000000dea80000)
 ParOldGen       total 86016K, used 8715K [0x0000000080000000, 0x0000000085400000, 0x00000000d5580000)
  object space 86016K, 10% used [0x0000000080000000,0x0000000080882d90,0x0000000085400000)
 Metaspace       used 20715K, capacity 21038K, committed 21296K, reserved 1069056K
  class space    used 2295K, capacity 2406K, committed 2432K, reserved 1048576K
Event: 1.582 GC heap after
Heap after GC invocations=6 (full 0):
 PSYoungGen      total 141824K, used 8153K [0x00000000d5580000, 0x00000000dea80000, 0x0000000100000000)
  eden space 131072K, 0% used [0x00000000d5580000,0x00000000d5580000,0x00000000dd580000)
  from space 10752K, 75% used [0x00000000de000000,0x00000000de7f66b8,0x00000000dea80000)
  to   space 10752K, 0% used [0x00000000dd580000,0x00000000dd580000,0x00000000de000000)
 ParOldGen       total 86016K, used 8715K [0x0000000080000000, 0x0000000085400000, 0x00000000d5580000)
  object space 86016K, 10% used [0x0000000080000000,0x0000000080882d90,0x0000000085400000)
 Metaspace       used 20715K, capacity 21038K, committed 21296K, reserved 1069056K
  class space    used 2295K, capacity 2406K, committed 2432K, reserved 1048576K
}
Event: 1.592 GC heap before
{Heap before GC invocations=7 (full 0):
 PSYoungGen      total 141824K, used 10911K [0x00000000d5580000, 0x00000000dea80000, 0x0000000100000000)
  eden space 131072K, 2% used [0x00000000d5580000,0x00000000d5831930,0x00000000dd580000)
  from space 10752K, 75% used [0x00000000de000000,0x00000000de7f66b8,0x00000000dea80000)
  to   space 10752K, 0% used [0x00000000dd580000,0x00000000dd580000,0x00000000de000000)
 ParOldGen       total 86016K, used 8715K [0x0000000080000000, 0x0000000085400000, 0x00000000d5580000)
  object space 86016K, 10% used [0x0000000080000000,0x0000000080882d90,0x0000000085400000)
 Metaspace       used 20776K, capacity 21102K, committed 21296K, reserved 1069056K
  class space    used 2298K, capacity 2406K, committed 2432K, reserved 1048576K
Event: 1.601 GC heap after
Heap after GC invocations=7 (full 0):
 PSYoungGen      total 141824K, used 6192K [0x00000000d5580000, 0x00000000dea80000, 0x0000000100000000)
  eden space 131072K, 0% used [0x00000000d5580000,0x00000000d5580000,0x00000000dd580000)
  from space 10752K, 57% used [0x00000000dd580000,0x00000000ddb8c030,0x00000000de000000)
  to   space 10752K, 0% used [0x00000000de000000,0x00000000de000000,0x00000000dea80000)
 ParOldGen       total 86016K, used 10872K [0x0000000080000000, 0x0000000085400000, 0x00000000d5580000)
  object space 86016K, 12% used [0x0000000080000000,0x0000000080a9e278,0x0000000085400000)
 Metaspace       used 20776K, capacity 21102K, committed 21296K, reserved 1069056K
  class space    used 2298K, capacity 2406K, committed 2432K, reserved 1048576K
}
Event: 1.601 GC heap before
{Heap before GC invocations=8 (full 1):
 PSYoungGen      total 141824K, used 6192K [0x00000000d5580000, 0x00000000dea80000, 0x0000000100000000)
  eden space 131072K, 0% used [0x00000000d5580000,0x00000000d5580000,0x00000000dd580000)
  from space 10752K, 57% used [0x00000000dd580000,0x00000000ddb8c030,0x00000000de000000)
  to   space 10752K, 0% used [0x00000000de000000,0x00000000de000000,0x00000000dea80000)
 ParOldGen       total 86016K, used 10872K [0x0000000080000000, 0x0000000085400000, 0x00000000d5580000)
  object space 86016K, 12% used [0x0000000080000000,0x0000000080a9e278,0x0000000085400000)
 Metaspace       used 20776K, capacity 21102K, committed 21296K, reserved 1069056K
  class space    used 2298K, capacity 2406K, committed 2432K, reserved 1048576K
Event: 1.641 GC heap after
Heap after GC invocations=8 (full 1):
 PSYoungGen      total 141824K, used 0K [0x00000000d5580000, 0x00000000dea80000, 0x0000000100000000)
  eden space 131072K, 0% used [0x00000000d5580000,0x00000000d5580000,0x00000000dd580000)
  from space 10752K, 0% used [0x00000000dd580000,0x00000000dd580000,0x00000000de000000)
  to   space 10752K, 0% used [0x00000000de000000,0x00000000de000000,0x00000000dea80000)
 ParOldGen       total 56320K, used 12911K [0x0000000080000000, 0x0000000083700000, 0x00000000d5580000)
  object space 56320K, 22% used [0x0000000080000000,0x0000000080c9bc10,0x0000000083700000)
 Metaspace       used 20776K, capacity 21102K, committed 21296K, reserved 1069056K
  class space    used 2298K, capacity 2406K, committed 2432K, reserved 1048576K
}
Event: 2.200 GC heap before
{Heap before GC invocations=9 (full 1):
 PSYoungGen      total 141824K, used 131072K [0x00000000d5580000, 0x00000000dea80000, 0x0000000100000000)
  eden space 131072K, 100% used [0x00000000d5580000,0x00000000dd580000,0x00000000dd580000)
  from space 10752K, 0% used [0x00000000dd580000,0x00000000dd580000,0x00000000de000000)
  to   space 10752K, 0% used [0x00000000de000000,0x00000000de000000,0x00000000dea80000)
 ParOldGen       total 56320K, used 12911K [0x0000000080000000, 0x0000000083700000, 0x00000000d5580000)
  object space 56320K, 22% used [0x0000000080000000,0x0000000080c9bc10,0x0000000083700000)
 Metaspace       used 22325K, capacity 22732K, committed 23088K, reserved 1069056K
  class space    used 2555K, capacity 2648K, committed 2688K, reserved 1048576K
Event: 2.203 GC heap after
Heap after GC invocations=9 (full 1):
 PSYoungGen      total 141824K, used 3280K [0x00000000d5580000, 0x00000000e5180000, 0x0000000100000000)
  eden space 131072K, 0% used [0x00000000d5580000,0x00000000d5580000,0x00000000dd580000)
  from space 10752K, 30% used [0x00000000de000000,0x00000000de334010,0x00000000dea80000)
  to   space 10752K, 0% used [0x00000000dd580000,0x00000000dd580000,0x00000000de000000)
 ParOldGen       total 56320K, used 12919K [0x0000000080000000, 0x0000000083700000, 0x00000000d5580000)
  object space 56320K, 22% used [0x0000000080000000,0x0000000080c9dc10,0x0000000083700000)
 Metaspace       used 22325K, capacity 22732K, committed 23088K, reserved 1069056K
  class space    used 2555K, capacity 2648K, committed 2688K, reserved 1048576K
}

