# JRE version: Java(TM) SE Runtime Environment (8.0_181-b13) (build 1.8.0_181-b13)
# Java VM: Java HotSpot(TM) 64-Bit Server VM (25.181-b13 mixed mode windows-amd64 compressed oops)
Heap:
 PSYoungGen      total 233472K, used 14738K [0x00000000d5580000, 0x00000000e6380000, 0x0000000100000000)
  eden space 222720K, 1% used [0x00000000d5580000,0x00000000d59cd968,0x00000000e2f00000)
  from space 10752K, 96% used [0x00000000e4e80000,0x00000000e5897158,0x00000000e5900000)
  to   space 3584K, 0% used [0x00000000e6000000,0x00000000e6000000,0x00000000e6380000)
 ParOldGen       total 59392K, used 13183K [0x0000000080000000, 0x0000000083a00000, 0x00000000d5580000)
  object space 59392K, 22% used [0x0000000080000000,0x0000000080cdffd8,0x0000000083a00000)
 Metaspace       used 29633K, capacity 30642K, committed 30848K, reserved 1077248K
  class space    used 3563K, capacity 3846K, committed 3968K, reserved 1048576K
GC Heap History (10 events):
Event: 1.637 GC heap before
{Heap before GC invocations=6 (full 0):
 PSYoungGen      total 70656K, used 70646K [0x00000000d5580000, 0x00000000dea80000, 0x0000000100000000)
  eden space 65536K, 100% used [0x00000000d5580000,0x00000000d9580000,0x00000000d9580000)
  from space 5120K, 99% used [0x00000000d9580000,0x00000000d9a7db40,0x00000000d9a80000)
  to   space 10752K, 0% used [0x00000000de000000,0x00000000de000000,0x00000000dea80000)
 ParOldGen       total 86016K, used 8677K [0x0000000080000000, 0x0000000085400000, 0x00000000d5580000)
  object space 86016K, 10% used [0x0000000080000000,0x0000000080879660,0x0000000085400000)
 Metaspace       used 20697K, capacity 21046K, committed 21296K, reserved 1069056K
  class space    used 2290K, capacity 2406K, committed 2432K, reserved 1048576K
Event: 1.642 GC heap after
Heap after GC invocations=6 (full 0):
 PSYoungGen      total 141824K, used 8377K [0x00000000d5580000, 0x00000000dea80000, 0x0000000100000000)
  eden space 131072K, 0% used [0x00000000d5580000,0x00000000d5580000,0x00000000dd580000)
  from space 10752K, 77% used [0x00000000de000000,0x00000000de82e650,0x00000000dea80000)
  to   space 10752K, 0% used [0x00000000dd580000,0x00000000dd580000,0x00000000de000000)
 ParOldGen       total 86016K, used 8685K [0x0000000080000000, 0x0000000085400000, 0x00000000d5580000)
  object space 86016K, 10% used [0x0000000080000000,0x000000008087b660,0x0000000085400000)
 Metaspace       used 20697K, capacity 21046K, committed 21296K, reserved 1069056K
  class space    used 2290K, capacity 2406K, committed 2432K, reserved 1048576K
}
Event: 1.663 GC heap before
{Heap before GC invocations=7 (full 0):
 PSYoungGen      total 141824K, used 13730K [0x00000000d5580000, 0x00000000dea80000, 0x0000000100000000)
  eden space 131072K, 4% used [0x00000000d5580000,0x00000000d5aba478,0x00000000dd580000)
  from space 10752K, 77% used [0x00000000de000000,0x00000000de82e650,0x00000000dea80000)
  to   space 10752K, 0% used [0x00000000dd580000,0x00000000dd580000,0x00000000de000000)
 ParOldGen       total 86016K, used 8685K [0x0000000080000000, 0x0000000085400000, 0x00000000d5580000)
  object space 86016K, 10% used [0x0000000080000000,0x000000008087b660,0x0000000085400000)
 Metaspace       used 20811K, capacity 21116K, committed 21296K, reserved 1069056K
  class space    used 2295K, capacity 2408K, committed 2432K, reserved 1048576K
Event: 1.668 GC heap after
Heap after GC invocations=7 (full 0):
 PSYoungGen      total 141824K, used 6549K [0x00000000d5580000, 0x00000000e6a80000, 0x0000000100000000)
  eden space 131072K, 0% used [0x00000000d5580000,0x00000000d5580000,0x00000000dd580000)
  from space 10752K, 60% used [0x00000000dd580000,0x00000000ddbe54c0,0x00000000de000000)
  to   space 10752K, 0% used [0x00000000e6000000,0x00000000e6000000,0x00000000e6a80000)
 ParOldGen       total 86016K, used 11007K [0x0000000080000000, 0x0000000085400000, 0x00000000d5580000)
  object space 86016K, 12% used [0x0000000080000000,0x0000000080abfd10,0x0000000085400000)
 Metaspace       used 20811K, capacity 21116K, committed 21296K, reserved 1069056K
  class space    used 2295K, capacity 2408K, committed 2432K, reserved 1048576K
}
Event: 1.668 GC heap before
{Heap before GC invocations=8 (full 1):
 PSYoungGen      total 141824K, used 6549K [0x00000000d5580000, 0x00000000e6a80000, 0x0000000100000000)
  eden space 131072K, 0% used [0x00000000d5580000,0x00000000d5580000,0x00000000dd580000)
  from space 10752K, 60% used [0x00000000dd580000,0x00000000ddbe54c0,0x00000000de000000)
  to   space 10752K, 0% used [0x00000000e6000000,0x00000000e6000000,0x00000000e6a80000)
 ParOldGen       total 86016K, used 11007K [0x0000000080000000, 0x0000000085400000, 0x00000000d5580000)
  object space 86016K, 12% used [0x0000000080000000,0x0000000080abfd10,0x0000000085400000)
 Metaspace       used 20811K, capacity 21116K, committed 21296K, reserved 1069056K
  class space    used 2295K, capacity 2408K, committed 2432K, reserved 1048576K
Event: 1.699 GC heap after
Heap after GC invocations=8 (full 1):
 PSYoungGen      total 141824K, used 0K [0x00000000d5580000, 0x00000000e6a80000, 0x0000000100000000)
  eden space 131072K, 0% used [0x00000000d5580000,0x00000000d5580000,0x00000000dd580000)
  from space 10752K, 0% used [0x00000000dd580000,0x00000000dd580000,0x00000000de000000)
  to   space 10752K, 0% used [0x00000000e6000000,0x00000000e6000000,0x00000000e6a80000)
 ParOldGen       total 59392K, used 13167K [0x0000000080000000, 0x0000000083a00000, 0x00000000d5580000)
  object space 59392K, 22% used [0x0000000080000000,0x0000000080cdbfd8,0x0000000083a00000)
 Metaspace       used 20811K, capacity 21116K, committed 21296K, reserved 1069056K
  class space    used 2295K, capacity 2408K, committed 2432K, reserved 1048576K
}
Event: 2.320 GC heap before
{Heap before GC invocations=9 (full 1):
 PSYoungGen      total 141824K, used 131072K [0x00000000d5580000, 0x00000000e6a80000, 0x0000000100000000)
  eden space 131072K, 100% used [0x00000000d5580000,0x00000000dd580000,0x00000000dd580000)
  from space 10752K, 0% used [0x00000000dd580000,0x00000000dd580000,0x00000000de000000)
  to   space 10752K, 0% used [0x00000000e6000000,0x00000000e6000000,0x00000000e6a80000)
 ParOldGen       total 59392K, used 13167K [0x0000000080000000, 0x0000000083a00000, 0x00000000d5580000)
  object space 59392K, 22% used [0x0000000080000000,0x0000000080cdbfd8,0x0000000083a00000)
 Metaspace       used 22396K, capacity 22836K, committed 23088K, reserved 1069056K
  class space    used 2561K, capacity 2680K, committed 2688K, reserved 1048576K
Event: 2.322 GC heap after
Heap after GC invocations=9 (full 1):
 PSYoungGen      total 226304K, used 3200K [0x00000000d5580000, 0x00000000e6380000, 0x0000000100000000)
  eden space 222720K, 0% used [0x00000000d5580000,0x00000000d5580000,0x00000000e2f00000)
  from space 3584K, 89% used [0x00000000e6000000,0x00000000e6320000,0x00000000e6380000)
  to   space 10752K, 0% used [0x00000000e4e80000,0x00000000e4e80000,0x00000000e5900000)
 ParOldGen       total 59392K, used 13175K [0x0000000080000000, 0x0000000083a00000, 0x00000000d5580000)
  object space 59392K, 22% used [0x0000000080000000,0x0000000080cddfd8,0x0000000083a00000)
 Metaspace       used 22396K, capacity 22836K, committed 23088K, reserved 1069056K
  class space    used 2561K, capacity 2680K, committed 2688K, reserved 1048576K
}
Event: 10.324 GC heap before
{Heap before GC invocations=10 (full 1):
 PSYoungGen      total 226304K, used 225920K [0x00000000d5580000, 0x00000000e6380000, 0x0000000100000000)
  eden space 222720K, 100% used [0x00000000d5580000,0x00000000e2f00000,0x00000000e2f00000)
  from space 3584K, 89% used [0x00000000e6000000,0x00000000e6320000,0x00000000e6380000)
  to   space 10752K, 0% used [0x00000000e4e80000,0x00000000e4e80000,0x00000000e5900000)
 ParOldGen       total 59392K, used 13175K [0x0000000080000000, 0x0000000083a00000, 0x00000000d5580000)
  object space 59392K, 22% used [0x0000000080000000,0x0000000080cddfd8,0x0000000083a00000)
 Metaspace       used 29622K, capacity 30642K, committed 30848K, reserved 1077248K
  class space    used 3563K, capacity 3846K, committed 3968K, reserved 1048576K
Event: 10.335 GC heap after
Heap after GC invocations=10 (full 1):
 PSYoungGen      total 233472K, used 10332K [0x00000000d5580000, 0x00000000e6380000, 0x0000000100000000)
  eden space 222720K, 0% used [0x00000000d5580000,0x00000000d5580000,0x00000000e2f00000)
  from space 10752K, 96% used [0x00000000e4e80000,0x00000000e5897158,0x00000000e5900000)
  to   space 3584K, 0% used [0x00000000e6000000,0x00000000e6000000,0x00000000e6380000)
 ParOldGen       total 59392K, used 13183K [0x0000000080000000, 0x0000000083a00000, 0x00000000d5580000)
  object space 59392K, 22% used [0x0000000080000000,0x0000000080cdffd8,0x0000000083a00000)
 Metaspace       used 29622K, capacity 30642K, committed 30848K, reserved 1077248K
  class space    used 3563K, capacity 3846K, committed 3968K, reserved 1048576K
}

