# JRE version: Java(TM) SE Runtime Environment (8.0_181-b13) (build 1.8.0_181-b13)
# Java VM: Java HotSpot(TM) 64-Bit Server VM (25.181-b13 mixed mode windows-amd64 compressed oops)
Heap:
 PSYoungGen      total 264704K, used 263271K [0x00000000d5580000, 0x00000000e7300000, 0x0000000100000000)
  eden space 254464K, 99% used [0x00000000d5580000,0x00000000e4c9da28,0x00000000e4e00000)
  from space 10240K, 99% used [0x00000000e4e00000,0x00000000e57fc2a8,0x00000000e5800000)
  to   space 11776K, 0% used [0x00000000e6780000,0x00000000e6780000,0x00000000e7300000)
 ParOldGen       total 62976K, used 13773K [0x0000000080000000, 0x0000000083d80000, 0x00000000d5580000)
  object space 62976K, 21% used [0x0000000080000000,0x0000000080d73660,0x0000000083d80000)
 Metaspace       used 30650K, capacity 31902K, committed 32256K, reserved 1077248K
  class space    used 3639K, capacity 3976K, committed 4096K, reserved 1048576K
GC Heap History (10 events):
Event: 1.580 GC heap before
{Heap before GC invocations=6 (full 0):
 PSYoungGen      total 70656K, used 70647K [0x00000000d5580000, 0x00000000de980000, 0x0000000100000000)
  eden space 65536K, 100% used [0x00000000d5580000,0x00000000d9580000,0x00000000d9580000)
  from space 5120K, 99% used [0x00000000d9580000,0x00000000d9a7dcd8,0x00000000d9a80000)
  to   space 10240K, 0% used [0x00000000ddf80000,0x00000000ddf80000,0x00000000de980000)
 ParOldGen       total 86016K, used 8112K [0x0000000080000000, 0x0000000085400000, 0x00000000d5580000)
  object space 86016K, 9% used [0x0000000080000000,0x00000000807ec340,0x0000000085400000)
 Metaspace       used 20591K, capacity 20938K, committed 21120K, reserved 1069056K
  class space    used 2281K, capacity 2374K, committed 2432K, reserved 1048576K
Event: 1.584 GC heap after
Heap after GC invocations=6 (full 0):
 PSYoungGen      total 140288K, used 6578K [0x00000000d5580000, 0x00000000de880000, 0x0000000100000000)
  eden space 131072K, 0% used [0x00000000d5580000,0x00000000d5580000,0x00000000dd580000)
  from space 9216K, 71% used [0x00000000ddf80000,0x00000000de5ec8a8,0x00000000de880000)
  to   space 9728K, 0% used [0x00000000dd580000,0x00000000dd580000,0x00000000ddf00000)
 ParOldGen       total 86016K, used 8120K [0x0000000080000000, 0x0000000085400000, 0x00000000d5580000)
  object space 86016K, 9% used [0x0000000080000000,0x00000000807ee340,0x0000000085400000)
 Metaspace       used 20591K, capacity 20938K, committed 21120K, reserved 1069056K
  class space    used 2281K, capacity 2374K, committed 2432K, reserved 1048576K
}
Event: 1.634 GC heap before
{Heap before GC invocations=7 (full 0):
 PSYoungGen      total 140288K, used 19760K [0x00000000d5580000, 0x00000000de880000, 0x0000000100000000)
  eden space 131072K, 10% used [0x00000000d5580000,0x00000000d625fb00,0x00000000dd580000)
  from space 9216K, 71% used [0x00000000ddf80000,0x00000000de5ec8a8,0x00000000de880000)
  to   space 9728K, 0% used [0x00000000dd580000,0x00000000dd580000,0x00000000ddf00000)
 ParOldGen       total 86016K, used 8120K [0x0000000080000000, 0x0000000085400000, 0x00000000d5580000)
  object space 86016K, 9% used [0x0000000080000000,0x00000000807ee340,0x0000000085400000)
 Metaspace       used 20787K, capacity 21098K, committed 21296K, reserved 1069056K
  class space    used 2299K, capacity 2406K, committed 2432K, reserved 1048576K
Event: 1.644 GC heap after
Heap after GC invocations=7 (full 0):
 PSYoungGen      total 140800K, used 6928K [0x00000000d5580000, 0x00000000e6880000, 0x0000000100000000)
  eden space 131072K, 0% used [0x00000000d5580000,0x00000000d5580000,0x00000000dd580000)
  from space 9728K, 71% used [0x00000000dd580000,0x00000000ddc44010,0x00000000ddf00000)
  to   space 9728K, 0% used [0x00000000e5f00000,0x00000000e5f00000,0x00000000e6880000)
 ParOldGen       total 86016K, used 10245K [0x0000000080000000, 0x0000000085400000, 0x00000000d5580000)
  object space 86016K, 11% used [0x0000000080000000,0x0000000080a01408,0x0000000085400000)
 Metaspace       used 20787K, capacity 21098K, committed 21296K, reserved 1069056K
  class space    used 2299K, capacity 2406K, committed 2432K, reserved 1048576K
}
Event: 1.644 GC heap before
{Heap before GC invocations=8 (full 1):
 PSYoungGen      total 140800K, used 6928K [0x00000000d5580000, 0x00000000e6880000, 0x0000000100000000)
  eden space 131072K, 0% used [0x00000000d5580000,0x00000000d5580000,0x00000000dd580000)
  from space 9728K, 71% used [0x00000000dd580000,0x00000000ddc44010,0x00000000ddf00000)
  to   space 9728K, 0% used [0x00000000e5f00000,0x00000000e5f00000,0x00000000e6880000)
 ParOldGen       total 86016K, used 10245K [0x0000000080000000, 0x0000000085400000, 0x00000000d5580000)
  object space 86016K, 11% used [0x0000000080000000,0x0000000080a01408,0x0000000085400000)
 Metaspace       used 20787K, capacity 21098K, committed 21296K, reserved 1069056K
  class space    used 2299K, capacity 2406K, committed 2432K, reserved 1048576K
Event: 1.695 GC heap after
Heap after GC invocations=8 (full 1):
 PSYoungGen      total 140800K, used 0K [0x00000000d5580000, 0x00000000e6880000, 0x0000000100000000)
  eden space 131072K, 0% used [0x00000000d5580000,0x00000000d5580000,0x00000000dd580000)
  from space 9728K, 0% used [0x00000000dd580000,0x00000000dd580000,0x00000000ddf00000)
  to   space 9728K, 0% used [0x00000000e5f00000,0x00000000e5f00000,0x00000000e6880000)
 ParOldGen       total 62976K, used 13002K [0x0000000080000000, 0x0000000083d80000, 0x00000000d5580000)
  object space 62976K, 20% used [0x0000000080000000,0x0000000080cb2aa0,0x0000000083d80000)
 Metaspace       used 20787K, capacity 21098K, committed 21296K, reserved 1069056K
  class space    used 2299K, capacity 2406K, committed 2432K, reserved 1048576K
}
Event: 2.230 GC heap before
{Heap before GC invocations=9 (full 1):
 PSYoungGen      total 140800K, used 131072K [0x00000000d5580000, 0x00000000e6880000, 0x0000000100000000)
  eden space 131072K, 100% used [0x00000000d5580000,0x00000000dd580000,0x00000000dd580000)
  from space 9728K, 0% used [0x00000000dd580000,0x00000000dd580000,0x00000000ddf00000)
  to   space 9728K, 0% used [0x00000000e5f00000,0x00000000e5f00000,0x00000000e6880000)
 ParOldGen       total 62976K, used 13002K [0x0000000080000000, 0x0000000083d80000, 0x00000000d5580000)
  object space 62976K, 20% used [0x0000000080000000,0x0000000080cb2aa0,0x0000000083d80000)
 Metaspace       used 21764K, capacity 22120K, committed 22448K, reserved 1069056K
  class space    used 2453K, capacity 2552K, committed 2560K, reserved 1048576K
Event: 2.232 GC heap after
Heap after GC invocations=9 (full 1):
 PSYoungGen      total 209408K, used 2592K [0x00000000d5580000, 0x00000000e6200000, 0x0000000100000000)
  eden space 206336K, 0% used [0x00000000d5580000,0x00000000d5580000,0x00000000e1f00000)
  from space 3072K, 84% used [0x00000000e5f00000,0x00000000e6188000,0x00000000e6200000)
  to   space 10240K, 0% used [0x00000000e4e00000,0x00000000e4e00000,0x00000000e5800000)
 ParOldGen       total 62976K, used 13010K [0x0000000080000000, 0x0000000083d80000, 0x00000000d5580000)
  object space 62976K, 20% used [0x0000000080000000,0x0000000080cb4aa0,0x0000000083d80000)
 Metaspace       used 21764K, capacity 22120K, committed 22448K, reserved 1069056K
  class space    used 2453K, capacity 2552K, committed 2560K, reserved 1048576K
}
Event: 8.893 GC heap before
{Heap before GC invocations=10 (full 1):
 PSYoungGen      total 209408K, used 208928K [0x00000000d5580000, 0x00000000e6200000, 0x0000000100000000)
  eden space 206336K, 100% used [0x00000000d5580000,0x00000000e1f00000,0x00000000e1f00000)
  from space 3072K, 84% used [0x00000000e5f00000,0x00000000e6188000,0x00000000e6200000)
  to   space 10240K, 0% used [0x00000000e4e00000,0x00000000e4e00000,0x00000000e5800000)
 ParOldGen       total 62976K, used 13010K [0x0000000080000000, 0x0000000083d80000, 0x00000000d5580000)
  object space 62976K, 20% used [0x0000000080000000,0x0000000080cb4aa0,0x0000000083d80000)
 Metaspace       used 29499K, capacity 30482K, committed 30720K, reserved 1077248K
  class space    used 3547K, capacity 3824K, committed 3840K, reserved 1048576K
Event: 8.902 GC heap after
Heap after GC invocations=10 (full 1):
 PSYoungGen      total 264704K, used 10224K [0x00000000d5580000, 0x00000000e7300000, 0x0000000100000000)
  eden space 254464K, 0% used [0x00000000d5580000,0x00000000d5580000,0x00000000e4e00000)
  from space 10240K, 99% used [0x00000000e4e00000,0x00000000e57fc2a8,0x00000000e5800000)
  to   space 11776K, 0% used [0x00000000e6780000,0x00000000e6780000,0x00000000e7300000)
 ParOldGen       total 62976K, used 13773K [0x0000000080000000, 0x0000000083d80000, 0x00000000d5580000)
  object space 62976K, 21% used [0x0000000080000000,0x0000000080d73660,0x0000000083d80000)
 Metaspace       used 29499K, capacity 30482K, committed 30720K, reserved 1077248K
  class space    used 3547K, capacity 3824K, committed 3840K, reserved 1048576K
}

