# JRE version: Java(TM) SE Runtime Environment (8.0_181-b13) (build 1.8.0_181-b13)
# Java VM: Java HotSpot(TM) 64-Bit Server VM (25.181-b13 mixed mode windows-amd64 compressed oops)
Heap:
 PSYoungGen      total 211456K, used 121016K [0x00000000d5580000, 0x00000000e6100000, 0x0000000100000000)
  eden space 208896K, 56% used [0x00000000d5580000,0x00000000dc9661f8,0x00000000e2180000)
  from space 2560K, 91% used [0x00000000e5e80000,0x00000000e60c8000,0x00000000e6100000)
  to   space 9728K, 0% used [0x00000000e4e00000,0x00000000e4e00000,0x00000000e5780000)
 ParOldGen       total 62976K, used 13220K [0x0000000080000000, 0x0000000083d80000, 0x00000000d5580000)
  object space 62976K, 20% used [0x0000000080000000,0x0000000080ce90f0,0x0000000083d80000)
 Metaspace       used 29047K, capacity 30010K, committed 30208K, reserved 1075200K
  class space    used 3505K, capacity 3755K, committed 3840K, reserved 1048576K
GC Heap History (10 events):
Event: 1.383 GC heap before
{Heap before GC invocations=5 (full 0):
 PSYoungGen      total 70656K, used 70646K [0x00000000d5580000, 0x00000000d9f80000, 0x0000000100000000)
  eden space 65536K, 100% used [0x00000000d5580000,0x00000000d9580000,0x00000000d9580000)
  from space 5120K, 99% used [0x00000000d9a80000,0x00000000d9f7db78,0x00000000d9f80000)
  to   space 5120K, 0% used [0x00000000d9580000,0x00000000d9580000,0x00000000d9a80000)
 ParOldGen       total 86016K, used 3035K [0x0000000080000000, 0x0000000085400000, 0x00000000d5580000)
  object space 86016K, 3% used [0x0000000080000000,0x00000000802f6d80,0x0000000085400000)
 Metaspace       used 20066K, capacity 20366K, committed 20608K, reserved 1067008K
  class space    used 2246K, capacity 2333K, committed 2432K, reserved 1048576K
Event: 1.390 GC heap after
Heap after GC invocations=5 (full 0):
 PSYoungGen      total 70656K, used 5105K [0x00000000d5580000, 0x00000000de980000, 0x0000000100000000)
  eden space 65536K, 0% used [0x00000000d5580000,0x00000000d5580000,0x00000000d9580000)
  from space 5120K, 99% used [0x00000000d9580000,0x00000000d9a7c790,0x00000000d9a80000)
  to   space 10240K, 0% used [0x00000000ddf80000,0x00000000ddf80000,0x00000000de980000)
 ParOldGen       total 86016K, used 8037K [0x0000000080000000, 0x0000000085400000, 0x00000000d5580000)
  object space 86016K, 9% used [0x0000000080000000,0x00000000807d9720,0x0000000085400000)
 Metaspace       used 20066K, capacity 20366K, committed 20608K, reserved 1067008K
  class space    used 2246K, capacity 2333K, committed 2432K, reserved 1048576K
}
Event: 1.592 GC heap before
{Heap before GC invocations=6 (full 0):
 PSYoungGen      total 70656K, used 70641K [0x00000000d5580000, 0x00000000de980000, 0x0000000100000000)
  eden space 65536K, 100% used [0x00000000d5580000,0x00000000d9580000,0x00000000d9580000)
  from space 5120K, 99% used [0x00000000d9580000,0x00000000d9a7c790,0x00000000d9a80000)
  to   space 10240K, 0% used [0x00000000ddf80000,0x00000000ddf80000,0x00000000de980000)
 ParOldGen       total 86016K, used 8037K [0x0000000080000000, 0x0000000085400000, 0x00000000d5580000)
  object space 86016K, 9% used [0x0000000080000000,0x00000000807d9720,0x0000000085400000)
 Metaspace       used 20584K, capacity 20950K, committed 21120K, reserved 1069056K
  class space    used 2274K, capacity 2374K, committed 2432K, reserved 1048576K
Event: 1.597 GC heap after
Heap after GC invocations=6 (full 0):
 PSYoungGen      total 140288K, used 6524K [0x00000000d5580000, 0x00000000de880000, 0x0000000100000000)
  eden space 131072K, 0% used [0x00000000d5580000,0x00000000d5580000,0x00000000dd580000)
  from space 9216K, 70% used [0x00000000ddf80000,0x00000000de5df330,0x00000000de880000)
  to   space 9728K, 0% used [0x00000000dd580000,0x00000000dd580000,0x00000000ddf00000)
 ParOldGen       total 86016K, used 8045K [0x0000000080000000, 0x0000000085400000, 0x00000000d5580000)
  object space 86016K, 9% used [0x0000000080000000,0x00000000807db720,0x0000000085400000)
 Metaspace       used 20584K, capacity 20950K, committed 21120K, reserved 1069056K
  class space    used 2274K, capacity 2374K, committed 2432K, reserved 1048576K
}
Event: 1.655 GC heap before
{Heap before GC invocations=7 (full 0):
 PSYoungGen      total 140288K, used 22279K [0x00000000d5580000, 0x00000000de880000, 0x0000000100000000)
  eden space 131072K, 12% used [0x00000000d5580000,0x00000000d64e2af8,0x00000000dd580000)
  from space 9216K, 70% used [0x00000000ddf80000,0x00000000de5df330,0x00000000de880000)
  to   space 9728K, 0% used [0x00000000dd580000,0x00000000dd580000,0x00000000ddf00000)
 ParOldGen       total 86016K, used 8045K [0x0000000080000000, 0x0000000085400000, 0x00000000d5580000)
  object space 86016K, 9% used [0x0000000080000000,0x00000000807db720,0x0000000085400000)
 Metaspace       used 20824K, capacity 21116K, committed 21296K, reserved 1069056K
  class space    used 2292K, capacity 2408K, committed 2432K, reserved 1048576K
Event: 1.663 GC heap after
Heap after GC invocations=7 (full 0):
 PSYoungGen      total 140800K, used 6825K [0x00000000d5580000, 0x00000000e6780000, 0x0000000100000000)
  eden space 131072K, 0% used [0x00000000d5580000,0x00000000d5580000,0x00000000dd580000)
  from space 9728K, 70% used [0x00000000dd580000,0x00000000ddc2a5f0,0x00000000ddf00000)
  to   space 9216K, 0% used [0x00000000e5e80000,0x00000000e5e80000,0x00000000e6780000)
 ParOldGen       total 86016K, used 10512K [0x0000000080000000, 0x0000000085400000, 0x00000000d5580000)
  object space 86016K, 12% used [0x0000000080000000,0x0000000080a44398,0x0000000085400000)
 Metaspace       used 20824K, capacity 21116K, committed 21296K, reserved 1069056K
  class space    used 2292K, capacity 2408K, committed 2432K, reserved 1048576K
}
Event: 1.663 GC heap before
{Heap before GC invocations=8 (full 1):
 PSYoungGen      total 140800K, used 6825K [0x00000000d5580000, 0x00000000e6780000, 0x0000000100000000)
  eden space 131072K, 0% used [0x00000000d5580000,0x00000000d5580000,0x00000000dd580000)
  from space 9728K, 70% used [0x00000000dd580000,0x00000000ddc2a5f0,0x00000000ddf00000)
  to   space 9216K, 0% used [0x00000000e5e80000,0x00000000e5e80000,0x00000000e6780000)
 ParOldGen       total 86016K, used 10512K [0x0000000080000000, 0x0000000085400000, 0x00000000d5580000)
  object space 86016K, 12% used [0x0000000080000000,0x0000000080a44398,0x0000000085400000)
 Metaspace       used 20824K, capacity 21116K, committed 21296K, reserved 1069056K
  class space    used 2292K, capacity 2408K, committed 2432K, reserved 1048576K
Event: 1.697 GC heap after
Heap after GC invocations=8 (full 1):
 PSYoungGen      total 140800K, used 0K [0x00000000d5580000, 0x00000000e6780000, 0x0000000100000000)
  eden space 131072K, 0% used [0x00000000d5580000,0x00000000d5580000,0x00000000dd580000)
  from space 9728K, 0% used [0x00000000dd580000,0x00000000dd580000,0x00000000ddf00000)
  to   space 9216K, 0% used [0x00000000e5e80000,0x00000000e5e80000,0x00000000e6780000)
 ParOldGen       total 62976K, used 13212K [0x0000000080000000, 0x0000000083d80000, 0x00000000d5580000)
  object space 62976K, 20% used [0x0000000080000000,0x0000000080ce70f0,0x0000000083d80000)
 Metaspace       used 20824K, capacity 21116K, committed 21296K, reserved 1069056K
  class space    used 2292K, capacity 2408K, committed 2432K, reserved 1048576K
}
Event: 2.257 GC heap before
{Heap before GC invocations=9 (full 1):
 PSYoungGen      total 140800K, used 131072K [0x00000000d5580000, 0x00000000e6780000, 0x0000000100000000)
  eden space 131072K, 100% used [0x00000000d5580000,0x00000000dd580000,0x00000000dd580000)
  from space 9728K, 0% used [0x00000000dd580000,0x00000000dd580000,0x00000000ddf00000)
  to   space 9216K, 0% used [0x00000000e5e80000,0x00000000e5e80000,0x00000000e6780000)
 ParOldGen       total 62976K, used 13212K [0x0000000080000000, 0x0000000083d80000, 0x00000000d5580000)
  object space 62976K, 20% used [0x0000000080000000,0x0000000080ce70f0,0x0000000083d80000)
 Metaspace       used 21734K, capacity 22132K, committed 22448K, reserved 1069056K
  class space    used 2443K, capacity 2552K, committed 2560K, reserved 1048576K
Event: 2.259 GC heap after
Heap after GC invocations=9 (full 1):
 PSYoungGen      total 211456K, used 2336K [0x00000000d5580000, 0x00000000e6100000, 0x0000000100000000)
  eden space 208896K, 0% used [0x00000000d5580000,0x00000000d5580000,0x00000000e2180000)
  from space 2560K, 91% used [0x00000000e5e80000,0x00000000e60c8000,0x00000000e6100000)
  to   space 9728K, 0% used [0x00000000e4e00000,0x00000000e4e00000,0x00000000e5780000)
 ParOldGen       total 62976K, used 13220K [0x0000000080000000, 0x0000000083d80000, 0x00000000d5580000)
  object space 62976K, 20% used [0x0000000080000000,0x0000000080ce90f0,0x0000000083d80000)
 Metaspace       used 21734K, capacity 22132K, committed 22448K, reserved 1069056K
  class space    used 2443K, capacity 2552K, committed 2560K, reserved 1048576K
}

